[2025-12-23 11:57:56,945][src.engine.ga][INFO] - Initialising population...
[2025-12-23 11:57:56,951][src.engine.ga][INFO] - --- Generation 1 ---
[2025-12-23 11:57:56,951][src.engine.ga][INFO] - Evaluating candidate 1/20...
[2025-12-23 11:57:56,952][src.engine.ga][INFO] - Evaluating candidate 6/20...
[2025-12-23 11:57:56,952][src.engine.ga][INFO] - Evaluating candidate 11/20...
[2025-12-23 11:57:56,952][src.engine.ga][INFO] - Evaluating candidate 16/20...
[2025-12-23 11:57:56,952][src.engine.ga][INFO] - Stats: Avg Loss=2.7160, Avg VRAM=8250.7MB, Elites=7
[2025-12-23 11:57:56,954][src.engine.ga][INFO] - Saved checkpoint: ./data/logs/run_001\checkpoint_gen_1.json
[2025-12-23 11:57:56,954][src.engine.ga][INFO] - --- Generation 2 ---
[2025-12-23 11:57:56,954][src.engine.ga][INFO] - Evaluating candidate 11/20...
[2025-12-23 11:57:56,954][src.engine.ga][INFO] - Evaluating candidate 16/20...
[2025-12-23 11:57:56,955][src.engine.ga][INFO] - Stats: Avg Loss=2.7184, Avg VRAM=8237.3MB, Elites=8
[2025-12-23 11:57:56,956][src.engine.ga][INFO] - Saved checkpoint: ./data/logs/run_001\checkpoint_gen_2.json
[2025-12-23 11:57:56,957][src.engine.ga][INFO] - --- Generation 3 ---
[2025-12-23 11:57:56,957][src.engine.ga][INFO] - Evaluating candidate 11/20...
[2025-12-23 11:57:56,957][src.engine.ga][INFO] - Evaluating candidate 16/20...
[2025-12-23 11:57:56,957][src.engine.ga][INFO] - Stats: Avg Loss=2.7081, Avg VRAM=8373.0MB, Elites=9
[2025-12-23 11:57:56,959][src.engine.ga][INFO] - Saved checkpoint: ./data/logs/run_001\checkpoint_gen_3.json
[2025-12-23 11:57:56,959][src.engine.ga][INFO] - --- Generation 4 ---
[2025-12-23 11:57:56,959][src.engine.ga][INFO] - Evaluating candidate 11/20...
[2025-12-23 11:57:56,959][src.engine.ga][INFO] - Evaluating candidate 16/20...
[2025-12-23 11:57:56,960][src.engine.ga][INFO] - Stats: Avg Loss=2.7234, Avg VRAM=8076.3MB, Elites=12
[2025-12-23 11:57:56,961][src.engine.ga][INFO] - Saved checkpoint: ./data/logs/run_001\checkpoint_gen_4.json
[2025-12-23 11:57:56,961][src.engine.ga][INFO] - --- Generation 5 ---
[2025-12-23 11:57:56,961][src.engine.ga][INFO] - Evaluating candidate 11/20...
[2025-12-23 11:57:56,961][src.engine.ga][INFO] - Evaluating candidate 16/20...
[2025-12-23 11:57:56,962][src.engine.ga][INFO] - Stats: Avg Loss=2.7146, Avg VRAM=8016.6MB, Elites=13
[2025-12-23 11:57:56,963][src.engine.ga][INFO] - Saved checkpoint: ./data/logs/run_001\checkpoint_gen_5.json
[2025-12-23 11:57:56,963][src.engine.ga][INFO] - --- Generation 6 ---
[2025-12-23 11:57:56,964][src.engine.ga][INFO] - Evaluating candidate 11/20...
[2025-12-23 11:57:56,964][src.engine.ga][INFO] - Evaluating candidate 16/20...
[2025-12-23 11:57:56,964][src.engine.ga][INFO] - Stats: Avg Loss=2.7198, Avg VRAM=8144.6MB, Elites=12
[2025-12-23 11:57:56,965][src.engine.ga][INFO] - Saved checkpoint: ./data/logs/run_001\checkpoint_gen_6.json
[2025-12-23 11:57:56,965][src.engine.ga][INFO] - --- Generation 7 ---
[2025-12-23 11:57:56,965][src.engine.ga][INFO] - Evaluating candidate 11/20...
[2025-12-23 11:57:56,965][src.engine.ga][INFO] - Evaluating candidate 16/20...
[2025-12-23 11:57:56,967][src.engine.ga][INFO] - Stats: Avg Loss=2.7309, Avg VRAM=7818.7MB, Elites=11
[2025-12-23 11:57:56,968][src.engine.ga][INFO] - Saved checkpoint: ./data/logs/run_001\checkpoint_gen_7.json
[2025-12-23 11:57:56,969][src.engine.ga][INFO] - --- Generation 8 ---
[2025-12-23 11:57:56,969][src.engine.ga][INFO] - Evaluating candidate 11/20...
[2025-12-23 11:57:56,969][src.engine.ga][INFO] - Evaluating candidate 16/20...
[2025-12-23 11:57:56,969][src.engine.ga][INFO] - Stats: Avg Loss=2.7272, Avg VRAM=7867.9MB, Elites=12
[2025-12-23 11:57:56,971][src.engine.ga][INFO] - Saved checkpoint: ./data/logs/run_001\checkpoint_gen_8.json
[2025-12-23 11:57:56,971][src.engine.ga][INFO] - --- Generation 9 ---
[2025-12-23 11:57:56,971][src.engine.ga][INFO] - Evaluating candidate 11/20...
[2025-12-23 11:57:56,971][src.engine.ga][INFO] - Evaluating candidate 16/20...
[2025-12-23 11:57:56,971][src.engine.ga][INFO] - Stats: Avg Loss=2.7184, Avg VRAM=7970.2MB, Elites=14
[2025-12-23 11:57:56,973][src.engine.ga][INFO] - Saved checkpoint: ./data/logs/run_001\checkpoint_gen_9.json
[2025-12-23 11:57:56,973][src.engine.ga][INFO] - --- Generation 10 ---
[2025-12-23 11:57:56,973][src.engine.ga][INFO] - Evaluating candidate 11/20...
[2025-12-23 11:57:56,973][src.engine.ga][INFO] - Evaluating candidate 16/20...
[2025-12-23 11:57:56,973][src.engine.ga][INFO] - Stats: Avg Loss=2.7212, Avg VRAM=7729.9MB, Elites=15
[2025-12-23 11:57:56,975][src.engine.ga][INFO] - Saved checkpoint: ./data/logs/run_001\checkpoint_gen_10.json
[2025-12-23 11:57:56,975][src.engine.ga][INFO] - Search Complete
