[2025-12-25 12:47:30,545][__main__][INFO] - === EMPAS: Hardware-Aware Evolutionary Search ===
[2025-12-25 12:47:30,545][__main__][INFO] - Initializing Search Space with 22 layers.
[2025-12-25 12:47:30,545][__main__][INFO] - Loading Proxy Profile from: ./data/profiles/tinyllama_sensitivity.json
[2025-12-25 12:47:30,556][src.engine.ga][INFO] - Initialising population...
[2025-12-25 12:47:30,565][src.engine.ga][INFO] - --- Generation 1 ---
[2025-12-25 12:47:30,565][src.engine.ga][INFO] - Evaluating candidate 1/50...
[2025-12-25 12:47:30,565][src.engine.ga][INFO] - Evaluating candidate 6/50...
[2025-12-25 12:47:30,566][src.engine.ga][INFO] - Evaluating candidate 11/50...
[2025-12-25 12:47:30,566][src.engine.ga][INFO] - Evaluating candidate 16/50...
[2025-12-25 12:47:30,566][src.engine.ga][INFO] - Evaluating candidate 21/50...
[2025-12-25 12:47:30,567][src.engine.ga][INFO] - Evaluating candidate 26/50...
[2025-12-25 12:47:30,567][src.engine.ga][INFO] - Evaluating candidate 31/50...
[2025-12-25 12:47:30,567][src.engine.ga][INFO] - Evaluating candidate 36/50...
[2025-12-25 12:47:30,567][src.engine.ga][INFO] - Evaluating candidate 41/50...
[2025-12-25 12:47:30,567][src.engine.ga][INFO] - Evaluating candidate 46/50...
[2025-12-25 12:47:30,568][src.engine.ga][INFO] - Stats: Avg Loss=4.1229, Avg VRAM=9086.5MB, Elites=6
[2025-12-25 12:47:30,571][src.engine.ga][INFO] - Saved checkpoint: ./data/logs/search_tinyllama\checkpoint_gen_1.json
[2025-12-25 12:47:30,571][src.engine.ga][INFO] - --- Generation 2 ---
[2025-12-25 12:47:30,572][src.engine.ga][INFO] - Evaluating candidate 11/50...
[2025-12-25 12:47:30,572][src.engine.ga][INFO] - Evaluating candidate 16/50...
[2025-12-25 12:47:30,572][src.engine.ga][INFO] - Evaluating candidate 21/50...
[2025-12-25 12:47:30,572][src.engine.ga][INFO] - Evaluating candidate 26/50...
[2025-12-25 12:47:30,572][src.engine.ga][INFO] - Evaluating candidate 31/50...
[2025-12-25 12:47:30,572][src.engine.ga][INFO] - Evaluating candidate 36/50...
[2025-12-25 12:47:30,573][src.engine.ga][INFO] - Evaluating candidate 41/50...
[2025-12-25 12:47:30,573][src.engine.ga][INFO] - Evaluating candidate 46/50...
[2025-12-25 12:47:30,574][src.engine.ga][INFO] - Stats: Avg Loss=3.9941, Avg VRAM=8847.1MB, Elites=10
[2025-12-25 12:47:30,576][src.engine.ga][INFO] - Saved checkpoint: ./data/logs/search_tinyllama\checkpoint_gen_2.json
[2025-12-25 12:47:30,577][src.engine.ga][INFO] - --- Generation 3 ---
[2025-12-25 12:47:30,577][src.engine.ga][INFO] - Evaluating candidate 11/50...
[2025-12-25 12:47:30,577][src.engine.ga][INFO] - Evaluating candidate 16/50...
[2025-12-25 12:47:30,577][src.engine.ga][INFO] - Evaluating candidate 21/50...
[2025-12-25 12:47:30,577][src.engine.ga][INFO] - Evaluating candidate 26/50...
[2025-12-25 12:47:30,577][src.engine.ga][INFO] - Evaluating candidate 31/50...
[2025-12-25 12:47:30,577][src.engine.ga][INFO] - Evaluating candidate 36/50...
[2025-12-25 12:47:30,578][src.engine.ga][INFO] - Evaluating candidate 41/50...
[2025-12-25 12:47:30,578][src.engine.ga][INFO] - Evaluating candidate 46/50...
[2025-12-25 12:47:30,578][src.engine.ga][INFO] - Stats: Avg Loss=4.0317, Avg VRAM=8439.7MB, Elites=8
[2025-12-25 12:47:30,581][src.engine.ga][INFO] - Saved checkpoint: ./data/logs/search_tinyllama\checkpoint_gen_3.json
[2025-12-25 12:47:30,581][src.engine.ga][INFO] - --- Generation 4 ---
[2025-12-25 12:47:30,581][src.engine.ga][INFO] - Evaluating candidate 11/50...
[2025-12-25 12:47:30,582][src.engine.ga][INFO] - Evaluating candidate 16/50...
[2025-12-25 12:47:30,582][src.engine.ga][INFO] - Evaluating candidate 21/50...
[2025-12-25 12:47:30,582][src.engine.ga][INFO] - Evaluating candidate 26/50...
[2025-12-25 12:47:30,582][src.engine.ga][INFO] - Evaluating candidate 31/50...
[2025-12-25 12:47:30,582][src.engine.ga][INFO] - Evaluating candidate 36/50...
[2025-12-25 12:47:30,582][src.engine.ga][INFO] - Evaluating candidate 41/50...
[2025-12-25 12:47:30,582][src.engine.ga][INFO] - Evaluating candidate 46/50...
[2025-12-25 12:47:30,583][src.engine.ga][INFO] - Stats: Avg Loss=3.8734, Avg VRAM=8418.7MB, Elites=11
[2025-12-25 12:47:30,586][src.engine.ga][INFO] - Saved checkpoint: ./data/logs/search_tinyllama\checkpoint_gen_4.json
[2025-12-25 12:47:30,586][src.engine.ga][INFO] - --- Generation 5 ---
[2025-12-25 12:47:30,586][src.engine.ga][INFO] - Evaluating candidate 16/50...
[2025-12-25 12:47:30,586][src.engine.ga][INFO] - Evaluating candidate 21/50...
[2025-12-25 12:47:30,587][src.engine.ga][INFO] - Evaluating candidate 26/50...
[2025-12-25 12:47:30,587][src.engine.ga][INFO] - Evaluating candidate 31/50...
[2025-12-25 12:47:30,587][src.engine.ga][INFO] - Evaluating candidate 36/50...
[2025-12-25 12:47:30,587][src.engine.ga][INFO] - Evaluating candidate 41/50...
[2025-12-25 12:47:30,587][src.engine.ga][INFO] - Evaluating candidate 46/50...
[2025-12-25 12:47:30,588][src.engine.ga][INFO] - Stats: Avg Loss=3.8069, Avg VRAM=8261.2MB, Elites=13
[2025-12-25 12:47:30,590][src.engine.ga][INFO] - Saved checkpoint: ./data/logs/search_tinyllama\checkpoint_gen_5.json
[2025-12-25 12:47:30,590][src.engine.ga][INFO] - --- Generation 6 ---
[2025-12-25 12:47:30,591][src.engine.ga][INFO] - Evaluating candidate 16/50...
[2025-12-25 12:47:30,591][src.engine.ga][INFO] - Evaluating candidate 21/50...
[2025-12-25 12:47:30,591][src.engine.ga][INFO] - Evaluating candidate 26/50...
[2025-12-25 12:47:30,591][src.engine.ga][INFO] - Evaluating candidate 31/50...
[2025-12-25 12:47:30,591][src.engine.ga][INFO] - Evaluating candidate 36/50...
[2025-12-25 12:47:30,591][src.engine.ga][INFO] - Evaluating candidate 41/50...
[2025-12-25 12:47:30,591][src.engine.ga][INFO] - Evaluating candidate 46/50...
[2025-12-25 12:47:30,592][src.engine.ga][INFO] - Stats: Avg Loss=3.7746, Avg VRAM=8152.0MB, Elites=13
[2025-12-25 12:47:30,595][src.engine.ga][INFO] - Saved checkpoint: ./data/logs/search_tinyllama\checkpoint_gen_6.json
[2025-12-25 12:47:30,595][src.engine.ga][INFO] - --- Generation 7 ---
[2025-12-25 12:47:30,595][src.engine.ga][INFO] - Evaluating candidate 21/50...
[2025-12-25 12:47:30,595][src.engine.ga][INFO] - Evaluating candidate 26/50...
[2025-12-25 12:47:30,596][src.engine.ga][INFO] - Evaluating candidate 31/50...
[2025-12-25 12:47:30,596][src.engine.ga][INFO] - Evaluating candidate 36/50...
[2025-12-25 12:47:30,596][src.engine.ga][INFO] - Evaluating candidate 41/50...
[2025-12-25 12:47:30,597][src.engine.ga][INFO] - Stats: Avg Loss=3.6965, Avg VRAM=8378.8MB, Elites=7
[2025-12-25 12:47:30,600][src.engine.ga][INFO] - Saved checkpoint: ./data/logs/search_tinyllama\checkpoint_gen_7.json
[2025-12-25 12:47:30,600][src.engine.ga][INFO] - --- Generation 8 ---
[2025-12-25 12:47:30,600][src.engine.ga][INFO] - Evaluating candidate 11/50...
[2025-12-25 12:47:30,600][src.engine.ga][INFO] - Evaluating candidate 16/50...
[2025-12-25 12:47:30,600][src.engine.ga][INFO] - Evaluating candidate 21/50...
[2025-12-25 12:47:30,601][src.engine.ga][INFO] - Evaluating candidate 26/50...
[2025-12-25 12:47:30,601][src.engine.ga][INFO] - Evaluating candidate 31/50...
[2025-12-25 12:47:30,601][src.engine.ga][INFO] - Evaluating candidate 36/50...
[2025-12-25 12:47:30,601][src.engine.ga][INFO] - Evaluating candidate 46/50...
[2025-12-25 12:47:30,602][src.engine.ga][INFO] - Stats: Avg Loss=3.7153, Avg VRAM=8099.5MB, Elites=9
[2025-12-25 12:47:30,604][src.engine.ga][INFO] - Saved checkpoint: ./data/logs/search_tinyllama\checkpoint_gen_8.json
[2025-12-25 12:47:30,604][src.engine.ga][INFO] - --- Generation 9 ---
[2025-12-25 12:47:30,605][src.engine.ga][INFO] - Evaluating candidate 11/50...
[2025-12-25 12:47:30,605][src.engine.ga][INFO] - Evaluating candidate 16/50...
[2025-12-25 12:47:30,605][src.engine.ga][INFO] - Evaluating candidate 21/50...
[2025-12-25 12:47:30,605][src.engine.ga][INFO] - Evaluating candidate 26/50...
[2025-12-25 12:47:30,605][src.engine.ga][INFO] - Evaluating candidate 31/50...
[2025-12-25 12:47:30,605][src.engine.ga][INFO] - Evaluating candidate 36/50...
[2025-12-25 12:47:30,605][src.engine.ga][INFO] - Evaluating candidate 41/50...
[2025-12-25 12:47:30,606][src.engine.ga][INFO] - Evaluating candidate 46/50...
[2025-12-25 12:47:30,606][src.engine.ga][INFO] - Stats: Avg Loss=3.7068, Avg VRAM=7797.1MB, Elites=9
[2025-12-25 12:47:30,609][src.engine.ga][INFO] - Saved checkpoint: ./data/logs/search_tinyllama\checkpoint_gen_9.json
[2025-12-25 12:47:30,609][src.engine.ga][INFO] - --- Generation 10 ---
[2025-12-25 12:47:30,609][src.engine.ga][INFO] - Evaluating candidate 11/50...
[2025-12-25 12:47:30,609][src.engine.ga][INFO] - Evaluating candidate 16/50...
[2025-12-25 12:47:30,609][src.engine.ga][INFO] - Evaluating candidate 21/50...
[2025-12-25 12:47:30,610][src.engine.ga][INFO] - Evaluating candidate 26/50...
[2025-12-25 12:47:30,610][src.engine.ga][INFO] - Evaluating candidate 31/50...
[2025-12-25 12:47:30,610][src.engine.ga][INFO] - Evaluating candidate 36/50...
[2025-12-25 12:47:30,610][src.engine.ga][INFO] - Evaluating candidate 41/50...
[2025-12-25 12:47:30,610][src.engine.ga][INFO] - Evaluating candidate 46/50...
[2025-12-25 12:47:30,611][src.engine.ga][INFO] - Stats: Avg Loss=3.6840, Avg VRAM=7578.7MB, Elites=13
[2025-12-25 12:47:30,613][src.engine.ga][INFO] - Saved checkpoint: ./data/logs/search_tinyllama\checkpoint_gen_10.json
[2025-12-25 12:47:30,613][src.engine.ga][INFO] - --- Generation 11 ---
[2025-12-25 12:47:30,614][src.engine.ga][INFO] - Evaluating candidate 16/50...
[2025-12-25 12:47:30,614][src.engine.ga][INFO] - Evaluating candidate 21/50...
[2025-12-25 12:47:30,614][src.engine.ga][INFO] - Evaluating candidate 31/50...
[2025-12-25 12:47:30,614][src.engine.ga][INFO] - Evaluating candidate 36/50...
[2025-12-25 12:47:30,614][src.engine.ga][INFO] - Evaluating candidate 41/50...
[2025-12-25 12:47:30,615][src.engine.ga][INFO] - Evaluating candidate 46/50...
[2025-12-25 12:47:30,615][src.engine.ga][INFO] - Stats: Avg Loss=3.6203, Avg VRAM=7522.0MB, Elites=8
[2025-12-25 12:47:30,618][src.engine.ga][INFO] - Saved checkpoint: ./data/logs/search_tinyllama\checkpoint_gen_11.json
[2025-12-25 12:47:30,618][src.engine.ga][INFO] - --- Generation 12 ---
[2025-12-25 12:47:30,618][src.engine.ga][INFO] - Evaluating candidate 11/50...
[2025-12-25 12:47:30,618][src.engine.ga][INFO] - Evaluating candidate 16/50...
[2025-12-25 12:47:30,618][src.engine.ga][INFO] - Evaluating candidate 21/50...
[2025-12-25 12:47:30,618][src.engine.ga][INFO] - Evaluating candidate 26/50...
[2025-12-25 12:47:30,619][src.engine.ga][INFO] - Evaluating candidate 31/50...
[2025-12-25 12:47:30,619][src.engine.ga][INFO] - Evaluating candidate 36/50...
[2025-12-25 12:47:30,619][src.engine.ga][INFO] - Evaluating candidate 41/50...
[2025-12-25 12:47:30,619][src.engine.ga][INFO] - Evaluating candidate 46/50...
[2025-12-25 12:47:30,619][src.engine.ga][INFO] - Stats: Avg Loss=3.6407, Avg VRAM=7599.7MB, Elites=10
[2025-12-25 12:47:30,622][src.engine.ga][INFO] - Saved checkpoint: ./data/logs/search_tinyllama\checkpoint_gen_12.json
[2025-12-25 12:47:30,622][src.engine.ga][INFO] - --- Generation 13 ---
[2025-12-25 12:47:30,622][src.engine.ga][INFO] - Evaluating candidate 11/50...
[2025-12-25 12:47:30,622][src.engine.ga][INFO] - Evaluating candidate 16/50...
[2025-12-25 12:47:30,623][src.engine.ga][INFO] - Evaluating candidate 21/50...
[2025-12-25 12:47:30,623][src.engine.ga][INFO] - Evaluating candidate 26/50...
[2025-12-25 12:47:30,623][src.engine.ga][INFO] - Evaluating candidate 31/50...
[2025-12-25 12:47:30,623][src.engine.ga][INFO] - Evaluating candidate 36/50...
[2025-12-25 12:47:30,623][src.engine.ga][INFO] - Evaluating candidate 41/50...
[2025-12-25 12:47:30,623][src.engine.ga][INFO] - Evaluating candidate 46/50...
[2025-12-25 12:47:30,624][src.engine.ga][INFO] - Stats: Avg Loss=3.5844, Avg VRAM=7679.5MB, Elites=13
[2025-12-25 12:47:30,626][src.engine.ga][INFO] - Saved checkpoint: ./data/logs/search_tinyllama\checkpoint_gen_13.json
[2025-12-25 12:47:30,626][src.engine.ga][INFO] - --- Generation 14 ---
[2025-12-25 12:47:30,627][src.engine.ga][INFO] - Evaluating candidate 16/50...
[2025-12-25 12:47:30,627][src.engine.ga][INFO] - Evaluating candidate 21/50...
[2025-12-25 12:47:30,627][src.engine.ga][INFO] - Evaluating candidate 26/50...
[2025-12-25 12:47:30,627][src.engine.ga][INFO] - Evaluating candidate 31/50...
[2025-12-25 12:47:30,627][src.engine.ga][INFO] - Evaluating candidate 36/50...
[2025-12-25 12:47:30,627][src.engine.ga][INFO] - Evaluating candidate 41/50...
[2025-12-25 12:47:30,627][src.engine.ga][INFO] - Evaluating candidate 46/50...
[2025-12-25 12:47:30,628][src.engine.ga][INFO] - Stats: Avg Loss=3.5763, Avg VRAM=7664.8MB, Elites=15
[2025-12-25 12:47:30,631][src.engine.ga][INFO] - Saved checkpoint: ./data/logs/search_tinyllama\checkpoint_gen_14.json
[2025-12-25 12:47:30,631][src.engine.ga][INFO] - --- Generation 15 ---
[2025-12-25 12:47:30,631][src.engine.ga][INFO] - Evaluating candidate 16/50...
[2025-12-25 12:47:30,631][src.engine.ga][INFO] - Evaluating candidate 21/50...
[2025-12-25 12:47:30,631][src.engine.ga][INFO] - Evaluating candidate 26/50...
[2025-12-25 12:47:30,632][src.engine.ga][INFO] - Evaluating candidate 31/50...
[2025-12-25 12:47:30,632][src.engine.ga][INFO] - Evaluating candidate 36/50...
[2025-12-25 12:47:30,632][src.engine.ga][INFO] - Evaluating candidate 41/50...
[2025-12-25 12:47:30,632][src.engine.ga][INFO] - Evaluating candidate 46/50...
[2025-12-25 12:47:30,633][src.engine.ga][INFO] - Stats: Avg Loss=3.5634, Avg VRAM=7601.8MB, Elites=14
[2025-12-25 12:47:30,635][src.engine.ga][INFO] - Saved checkpoint: ./data/logs/search_tinyllama\checkpoint_gen_15.json
[2025-12-25 12:47:30,636][src.engine.ga][INFO] - --- Generation 16 ---
[2025-12-25 12:47:30,636][src.engine.ga][INFO] - Evaluating candidate 16/50...
[2025-12-25 12:47:30,636][src.engine.ga][INFO] - Evaluating candidate 21/50...
[2025-12-25 12:47:30,636][src.engine.ga][INFO] - Evaluating candidate 26/50...
[2025-12-25 12:47:30,636][src.engine.ga][INFO] - Evaluating candidate 31/50...
[2025-12-25 12:47:30,636][src.engine.ga][INFO] - Evaluating candidate 36/50...
[2025-12-25 12:47:30,637][src.engine.ga][INFO] - Evaluating candidate 41/50...
[2025-12-25 12:47:30,637][src.engine.ga][INFO] - Evaluating candidate 46/50...
[2025-12-25 12:47:30,638][src.engine.ga][INFO] - Stats: Avg Loss=3.6348, Avg VRAM=7366.6MB, Elites=15
[2025-12-25 12:47:30,639][src.engine.ga][INFO] - Saved checkpoint: ./data/logs/search_tinyllama\checkpoint_gen_16.json
[2025-12-25 12:47:30,640][src.engine.ga][INFO] - --- Generation 17 ---
[2025-12-25 12:47:30,640][src.engine.ga][INFO] - Evaluating candidate 16/50...
[2025-12-25 12:47:30,640][src.engine.ga][INFO] - Evaluating candidate 21/50...
[2025-12-25 12:47:30,640][src.engine.ga][INFO] - Evaluating candidate 26/50...
[2025-12-25 12:47:30,640][src.engine.ga][INFO] - Evaluating candidate 31/50...
[2025-12-25 12:47:30,640][src.engine.ga][INFO] - Evaluating candidate 36/50...
[2025-12-25 12:47:30,640][src.engine.ga][INFO] - Evaluating candidate 41/50...
[2025-12-25 12:47:30,640][src.engine.ga][INFO] - Evaluating candidate 46/50...
[2025-12-25 12:47:30,642][src.engine.ga][INFO] - Stats: Avg Loss=3.6984, Avg VRAM=7293.1MB, Elites=13
[2025-12-25 12:47:30,644][src.engine.ga][INFO] - Saved checkpoint: ./data/logs/search_tinyllama\checkpoint_gen_17.json
[2025-12-25 12:47:30,645][src.engine.ga][INFO] - --- Generation 18 ---
[2025-12-25 12:47:30,645][src.engine.ga][INFO] - Evaluating candidate 16/50...
[2025-12-25 12:47:30,645][src.engine.ga][INFO] - Evaluating candidate 21/50...
[2025-12-25 12:47:30,645][src.engine.ga][INFO] - Evaluating candidate 26/50...
[2025-12-25 12:47:30,645][src.engine.ga][INFO] - Evaluating candidate 31/50...
[2025-12-25 12:47:30,645][src.engine.ga][INFO] - Evaluating candidate 36/50...
[2025-12-25 12:47:30,645][src.engine.ga][INFO] - Evaluating candidate 41/50...
[2025-12-25 12:47:30,645][src.engine.ga][INFO] - Evaluating candidate 46/50...
[2025-12-25 12:47:30,646][src.engine.ga][INFO] - Stats: Avg Loss=3.6609, Avg VRAM=7223.8MB, Elites=13
[2025-12-25 12:47:30,649][src.engine.ga][INFO] - Saved checkpoint: ./data/logs/search_tinyllama\checkpoint_gen_18.json
[2025-12-25 12:47:30,649][src.engine.ga][INFO] - --- Generation 19 ---
[2025-12-25 12:47:30,649][src.engine.ga][INFO] - Evaluating candidate 16/50...
[2025-12-25 12:47:30,649][src.engine.ga][INFO] - Evaluating candidate 21/50...
[2025-12-25 12:47:30,649][src.engine.ga][INFO] - Evaluating candidate 26/50...
[2025-12-25 12:47:30,650][src.engine.ga][INFO] - Evaluating candidate 31/50...
[2025-12-25 12:47:30,650][src.engine.ga][INFO] - Evaluating candidate 36/50...
[2025-12-25 12:47:30,650][src.engine.ga][INFO] - Evaluating candidate 41/50...
[2025-12-25 12:47:30,650][src.engine.ga][INFO] - Evaluating candidate 46/50...
[2025-12-25 12:47:30,651][src.engine.ga][INFO] - Stats: Avg Loss=3.5959, Avg VRAM=7385.5MB, Elites=15
[2025-12-25 12:47:30,653][src.engine.ga][INFO] - Saved checkpoint: ./data/logs/search_tinyllama\checkpoint_gen_19.json
[2025-12-25 12:47:30,654][src.engine.ga][INFO] - --- Generation 20 ---
[2025-12-25 12:47:30,654][src.engine.ga][INFO] - Evaluating candidate 16/50...
[2025-12-25 12:47:30,654][src.engine.ga][INFO] - Evaluating candidate 21/50...
[2025-12-25 12:47:30,654][src.engine.ga][INFO] - Evaluating candidate 26/50...
[2025-12-25 12:47:30,654][src.engine.ga][INFO] - Evaluating candidate 31/50...
[2025-12-25 12:47:30,654][src.engine.ga][INFO] - Evaluating candidate 36/50...
[2025-12-25 12:47:30,654][src.engine.ga][INFO] - Evaluating candidate 41/50...
[2025-12-25 12:47:30,655][src.engine.ga][INFO] - Evaluating candidate 46/50...
[2025-12-25 12:47:30,656][src.engine.ga][INFO] - Stats: Avg Loss=3.5642, Avg VRAM=7299.4MB, Elites=14
[2025-12-25 12:47:30,658][src.engine.ga][INFO] - Saved checkpoint: ./data/logs/search_tinyllama\checkpoint_gen_20.json
[2025-12-25 12:47:30,658][src.engine.ga][INFO] - Search Complete
[2025-12-25 12:47:30,658][__main__][INFO] - --- Pareto Frontier ---
[2025-12-25 12:47:30,658][src.engine.ga][INFO] - Evaluating candidate 1/1...
[2025-12-25 12:47:30,659][src.engine.ga][INFO] - Evaluating candidate 1/1...
[2025-12-25 12:47:30,659][src.engine.ga][INFO] - Evaluating candidate 1/1...
[2025-12-25 12:47:30,659][src.engine.ga][INFO] - Evaluating candidate 1/1...
[2025-12-25 12:47:30,659][src.engine.ga][INFO] - Evaluating candidate 1/1...
[2025-12-25 12:47:30,659][src.engine.ga][INFO] - Evaluating candidate 1/1...
[2025-12-25 12:47:30,659][src.engine.ga][INFO] - Evaluating candidate 1/1...
[2025-12-25 12:47:30,659][src.engine.ga][INFO] - Evaluating candidate 1/1...
[2025-12-25 12:47:30,659][src.engine.ga][INFO] - Evaluating candidate 1/1...
[2025-12-25 12:47:30,659][src.engine.ga][INFO] - Evaluating candidate 1/1...
[2025-12-25 12:47:30,659][src.engine.ga][INFO] - Evaluating candidate 1/1...
[2025-12-25 12:47:30,659][src.engine.ga][INFO] - Evaluating candidate 1/1...
[2025-12-25 12:47:30,660][src.engine.ga][INFO] - Evaluating candidate 1/1...
[2025-12-25 12:47:30,660][src.engine.ga][INFO] - Evaluating candidate 1/1...
[2025-12-25 12:47:30,660][src.engine.ga][INFO] - Evaluating candidate 1/1...
[2025-12-25 12:47:30,660][src.engine.ga][INFO] - Evaluating candidate 1/1...
[2025-12-25 12:47:30,660][src.engine.ga][INFO] - Evaluating candidate 1/1...
[2025-12-25 12:47:30,660][src.engine.ga][INFO] - Evaluating candidate 1/1...
[2025-12-25 12:47:30,660][src.engine.ga][INFO] - Evaluating candidate 1/1...
[2025-12-25 12:47:30,660][src.engine.ga][INFO] - Evaluating candidate 1/1...
[2025-12-25 12:47:30,660][src.engine.ga][INFO] - Evaluating candidate 1/1...
[2025-12-25 12:47:30,660][src.engine.ga][INFO] - Evaluating candidate 1/1...
[2025-12-25 12:47:30,661][src.engine.ga][INFO] - Evaluating candidate 1/1...
[2025-12-25 12:47:30,661][src.engine.ga][INFO] - Evaluating candidate 1/1...
[2025-12-25 12:47:30,661][src.engine.ga][INFO] - Evaluating candidate 1/1...
[2025-12-25 12:47:30,661][src.engine.ga][INFO] - Evaluating candidate 1/1...
[2025-12-25 12:47:30,661][src.engine.ga][INFO] - Evaluating candidate 1/1...
[2025-12-25 12:47:30,661][src.engine.ga][INFO] - Evaluating candidate 1/1...
[2025-12-25 12:47:30,661][src.engine.ga][INFO] - Evaluating candidate 1/1...
[2025-12-25 12:47:30,661][src.engine.ga][INFO] - Evaluating candidate 1/1...
[2025-12-25 12:47:30,661][src.engine.ga][INFO] - Evaluating candidate 1/1...
[2025-12-25 12:47:30,661][src.engine.ga][INFO] - Evaluating candidate 1/1...
[2025-12-25 12:47:30,662][src.engine.ga][INFO] - Evaluating candidate 1/1...
[2025-12-25 12:47:30,662][src.engine.ga][INFO] - Evaluating candidate 1/1...
[2025-12-25 12:47:30,662][src.engine.ga][INFO] - Evaluating candidate 1/1...
[2025-12-25 12:47:30,662][__main__][INFO] - Best Accuracy Model: Fitness(Loss=3.3115, VRAM=10126.0MB, Lat=53.41ms)
[2025-12-25 12:47:30,662][__main__][INFO] - Genome: [4, 16, 8, 8, 4, 4, 4, 8, 8, 8, 8, 4, 4, 8, 8, 8, 16, 16, 4, 8, 16, 16]
[2025-12-25 12:47:30,662][__main__][INFO] - Lowest VRAM Model: Fitness(Loss=4.5868, VRAM=4561.0MB, Lat=23.30ms)
[2025-12-25 12:47:30,662][__main__][INFO] - Genome: [2, 4, 4, 4, 4, 4, 4, 4, 2, 2, 8, 2, 4, 4, 2, 4, 4, 8, 4, 4, 2, 2]
